app/build(0)/intermediates/manifest_merge_blame_file/release/manifest-merger-blame-release-report.txt
1<?xml version="1.0" encoding="utf-8"?>
2<manifest xmlns:android="http://schemas.android.com/apk/res/android"
3    package="com.djamari.usageadvisor"
4    android:versionCode="1"
5    android:versionName="1.0" >
6
7    <uses-sdk
8        android:minSdkVersion="21"
8-->src\main\AndroidManifest.xml
9        android:targetSdkVersion="29" />
9-->src\main\AndroidManifest.xml
10
11    <uses-permission android:name="android.permission.INTERNET" />
11-->src\main\AndroidManifest.xml:6:5-67
11-->src\main\AndroidManifest.xml:6:22-64
12    <uses-permission android:name="android.permission.ACCESS_NETWORK_STATE" />
12-->src\main\AndroidManifest.xml:7:5-79
12-->src\main\AndroidManifest.xml:7:22-76
13    <uses-permission android:name="android.permission.ACCESS_WIFI_STATE" />
13-->src\main\AndroidManifest.xml:8:5-76
13-->src\main\AndroidManifest.xml:8:22-73
14    <uses-permission android:name="android.permission.PACKAGE_USAGE_STATS" />
14-->src\main\AndroidManifest.xml:9:5-11:47
14-->src\main\AndroidManifest.xml:10:9-62
15    <uses-permission android:name="android.permission.RECEIVE_BOOT_COMPLETED" />
15-->src\main\AndroidManifest.xml:12:5-81
15-->src\main\AndroidManifest.xml:12:22-78
16    <uses-permission android:name="android.permission.FOREGROUND_SERVICE" />
16-->src\main\AndroidManifest.xml:13:5-77
16-->src\main\AndroidManifest.xml:13:22-74
17    <uses-permission android:name="android.permission.WAKE_LOCK" /> <!-- Required by older versions of Google Play services to create IID tokens -->
17-->[com.google.android.gms:play-services-measurement-api:17.4.0] AndroidManifest.xml:24:5-68
17-->[com.google.android.gms:play-services-measurement-api:17.4.0] AndroidManifest.xml:24:22-65
18    <uses-permission android:name="com.google.android.c2dm.permission.RECEIVE" />
18-->[com.google.firebase:firebase-iid:20.1.5] AndroidManifest.xml:26:5-82
18-->[com.google.firebase:firebase-iid:20.1.5] AndroidManifest.xml:26:22-79
19    <uses-permission android:name="com.google.android.finsky.permission.BIND_GET_INSTALL_REFERRER_SERVICE" />
19-->[com.google.android.gms:play-services-measurement:17.4.0] AndroidManifest.xml:26:5-110
19-->[com.google.android.gms:play-services-measurement:17.4.0] AndroidManifest.xml:26:22-107
20
21    <application
21-->src\main\AndroidManifest.xml:15:5-102:19
22        android:name="com.djamari.usageadvisor.app.AppStarter"
22-->src\main\AndroidManifest.xml:16:9-39
23        android:allowBackup="true"
23-->src\main\AndroidManifest.xml:17:9-35
24        android:appComponentFactory="androidx.core.app.CoreComponentFactory"
24-->[androidx.core:core:1.1.0] AndroidManifest.xml:24:18-86
25        android:icon="@mipmap/ic_launcher"
25-->src\main\AndroidManifest.xml:18:9-43
26        android:label="@string/app_name"
26-->src\main\AndroidManifest.xml:19:9-41
27        android:roundIcon="@mipmap/ic_launcher_round"
27-->src\main\AndroidManifest.xml:20:9-54
28        android:supportsRtl="true"
28-->src\main\AndroidManifest.xml:21:9-35
29        android:testOnly="true"
30        android:theme="@style/AppTheme" >
30-->src\main\AndroidManifest.xml:22:9-40
31        <activity
31-->src\main\AndroidManifest.xml:23:9-34:20
32            android:name="com.djamari.usageadvisor.MainActivity"
32-->src\main\AndroidManifest.xml:24:13-41
33            android:screenOrientation="portrait"
33-->src\main\AndroidManifest.xml:25:13-49
34            android:theme="@style/AppTheme.NoActionBar"
34-->src\main\AndroidManifest.xml:26:13-56
35            android:windowSoftInputMode="adjustResize" >
35-->src\main\AndroidManifest.xml:27:13-55
36            <intent-filter>
36-->src\main\AndroidManifest.xml:29:13-33:29
37                <action android:name="android.intent.action.MAIN" />
37-->src\main\AndroidManifest.xml:30:17-69
37-->src\main\AndroidManifest.xml:30:25-66
38
39                <category android:name="android.intent.category.LAUNCHER" />
39-->src\main\AndroidManifest.xml:32:17-77
39-->src\main\AndroidManifest.xml:32:27-74
40            </intent-filter>
41        </activity>
42        <activity
42-->src\main\AndroidManifest.xml:35:9-40:56
43            android:name="com.djamari.usageadvisor.SignUpActivity"
43-->src\main\AndroidManifest.xml:36:13-43
44            android:screenOrientation="portrait"
44-->src\main\AndroidManifest.xml:37:13-49
45            android:theme="@style/AppTheme1"
45-->src\main\AndroidManifest.xml:38:13-45
46            android:windowSoftInputMode="adjustResize" />
46-->src\main\AndroidManifest.xml:39:13-55
47        <activity
47-->src\main\AndroidManifest.xml:41:9-46:56
48            android:name="com.djamari.usageadvisor.otherActivity.Agenda.AddEditDailyAgendaActivity"
48-->src\main\AndroidManifest.xml:42:13-76
49            android:screenOrientation="portrait"
49-->src\main\AndroidManifest.xml:43:13-49
50            android:theme="@style/AppTheme.NoActionBar"
50-->src\main\AndroidManifest.xml:44:13-56
51            android:windowSoftInputMode="adjustResize" />
51-->src\main\AndroidManifest.xml:45:13-55
52        <activity
52-->src\main\AndroidManifest.xml:47:9-52:56
53            android:name="com.djamari.usageadvisor.SignInActivity"
53-->src\main\AndroidManifest.xml:48:13-43
54            android:screenOrientation="portrait"
54-->src\main\AndroidManifest.xml:49:13-49
55            android:theme="@style/AppTheme1"
55-->src\main\AndroidManifest.xml:50:13-45
56            android:windowSoftInputMode="adjustResize" />
56-->src\main\AndroidManifest.xml:51:13-55
57        <activity
57-->src\main\AndroidManifest.xml:53:9-58:56
58            android:name="com.djamari.usageadvisor.Member_verification_activity"
58-->src\main\AndroidManifest.xml:54:13-57
59            android:screenOrientation="portrait"
59-->src\main\AndroidManifest.xml:55:13-49
60            android:theme="@style/AppTheme1"
60-->src\main\AndroidManifest.xml:56:13-45
61            android:windowSoftInputMode="adjustResize" />
61-->src\main\AndroidManifest.xml:57:13-55
62        <activity
62-->src\main\AndroidManifest.xml:59:9-64:56
63            android:name="com.djamari.usageadvisor.otherActivity.Setting.SettingActivity"
63-->src\main\AndroidManifest.xml:60:13-66
64            android:screenOrientation="portrait"
64-->src\main\AndroidManifest.xml:61:13-49
65            android:theme="@style/AppTheme.NoActionBar"
65-->src\main\AndroidManifest.xml:62:13-56
66            android:windowSoftInputMode="adjustResize" />
66-->src\main\AndroidManifest.xml:63:13-55
67
68        <receiver
68-->src\main\AndroidManifest.xml:67:9-88:20
69            android:name="com.djamari.usageadvisor.broadcastReceiver.BootCompletedService"
69-->src\main\AndroidManifest.xml:68:13-67
70            android:exported="true" >
70-->src\main\AndroidManifest.xml:69:13-36
71            <intent-filter>
71-->src\main\AndroidManifest.xml:70:13-80:29
72                <action android:name="android.intent.action.BOOT_COMPLETED" />
72-->src\main\AndroidManifest.xml:71:17-79
72-->src\main\AndroidManifest.xml:71:25-76
73                <action android:name="android.intent.action.QUICKBOOT_POWERON" />
73-->src\main\AndroidManifest.xml:72:17-82
73-->src\main\AndroidManifest.xml:72:25-79
74                <action android:name="android.intent.action.REBOOT" />
74-->src\main\AndroidManifest.xml:73:17-71
74-->src\main\AndroidManifest.xml:73:25-68
75                <action android:name="android.intent.action.ACTION_SHUTDOWN" />
75-->src\main\AndroidManifest.xml:74:17-80
75-->src\main\AndroidManifest.xml:74:25-77
76                <action android:name="android.intent.action.USER_UNLOCKED" />
76-->src\main\AndroidManifest.xml:75:17-78
76-->src\main\AndroidManifest.xml:75:25-75
77                <action android:name="android.intent.action.USER_PRESENT" />
77-->src\main\AndroidManifest.xml:76:17-77
77-->src\main\AndroidManifest.xml:76:25-74
78                <action android:name="android.net.conn.CONNECTIVITY_CHANGE" />
78-->src\main\AndroidManifest.xml:77:17-79
78-->src\main\AndroidManifest.xml:77:25-76
79
80                <category android:name="android.intent.category.DEFAULT" />
80-->src\main\AndroidManifest.xml:79:17-76
80-->src\main\AndroidManifest.xml:79:27-73
81            </intent-filter>
82            <intent-filter>
82-->src\main\AndroidManifest.xml:81:13-87:29
83                <action android:name="android.intent.action.PACKAGE_REPLACED" />
83-->src\main\AndroidManifest.xml:82:17-81
83-->src\main\AndroidManifest.xml:82:25-78
84
85                <data
85-->src\main\AndroidManifest.xml:84:17-86:48
86                    android:path="com.djamari.usageadvisor"
86-->src\main\AndroidManifest.xml:85:21-60
87                    android:scheme="package" />
87-->src\main\AndroidManifest.xml:86:21-45
88            </intent-filter>
89        </receiver>
90        <receiver
90-->src\main\AndroidManifest.xml:89:9-99:20
91            android:name="com.djamari.usageadvisor.service.AdminReceiver"
91-->src\main\AndroidManifest.xml:90:13-50
92            android:permission="android.permission.BIND_DEVICE_ADMIN" >
92-->src\main\AndroidManifest.xml:91:13-70
93            <meta-data
93-->src\main\AndroidManifest.xml:92:13-94:64
94                android:name="android.app.device_admin"
94-->src\main\AndroidManifest.xml:93:17-56
95                android:resource="@xml/lock_screen_policies" />
95-->src\main\AndroidManifest.xml:94:17-61
96
97            <intent-filter>
97-->src\main\AndroidManifest.xml:96:13-98:29
98                <action android:name="android.app.action.DEVICE_ADMIN_ENABLED" />
98-->src\main\AndroidManifest.xml:97:17-82
98-->src\main\AndroidManifest.xml:97:25-79
99            </intent-filter>
100        </receiver>
101
102        <service android:name="com.djamari.usageadvisor.service.ForegroundService" />
102-->src\main\AndroidManifest.xml:101:9-62
102-->src\main\AndroidManifest.xml:101:18-59
103
104        <activity
104-->[com.google.firebase:firebase-auth:19.3.1] AndroidManifest.xml:24:9-31:50
105            android:name="com.google.firebase.auth.internal.FederatedSignInActivity"
105-->[com.google.firebase:firebase-auth:19.3.1] AndroidManifest.xml:25:13-85
106            android:excludeFromRecents="true"
106-->[com.google.firebase:firebase-auth:19.3.1] AndroidManifest.xml:26:13-46
107            android:exported="true"
107-->[com.google.firebase:firebase-auth:19.3.1] AndroidManifest.xml:27:13-36
108            android:launchMode="singleTask"
108-->[com.google.firebase:firebase-auth:19.3.1] AndroidManifest.xml:28:13-44
109            android:permission="com.google.firebase.auth.api.gms.permission.LAUNCH_FEDERATED_SIGN_IN"
109-->[com.google.firebase:firebase-auth:19.3.1] AndroidManifest.xml:29:13-102
110            android:theme="@android:style/Theme.Translucent.NoTitleBar" />
110-->[com.google.firebase:firebase-auth:19.3.1] AndroidManifest.xml:30:13-72
111
112        <service
112-->[com.google.firebase:firebase-auth:19.3.1] AndroidManifest.xml:33:9-39:19
113            android:name="com.google.firebase.components.ComponentDiscoveryService"
113-->[com.google.firebase:firebase-auth:19.3.1] AndroidManifest.xml:34:13-84
114            android:directBootAware="true"
114-->[com.google.firebase:firebase-common:19.3.0] AndroidManifest.xml:34:13-43
115            android:exported="false" >
115-->[com.google.firebase:firebase-auth:19.3.1] AndroidManifest.xml:35:13-37
116            <meta-data
116-->[com.google.firebase:firebase-auth:19.3.1] AndroidManifest.xml:36:13-38:85
117                android:name="com.google.firebase.components:com.google.firebase.auth.FirebaseAuthRegistrar"
117-->[com.google.firebase:firebase-auth:19.3.1] AndroidManifest.xml:37:17-109
118                android:value="com.google.firebase.components.ComponentRegistrar" />
118-->[com.google.firebase:firebase-auth:19.3.1] AndroidManifest.xml:38:17-82
119            <meta-data
119-->[com.google.firebase:firebase-database:19.3.0] AndroidManifest.xml:32:13-34:85
120                android:name="com.google.firebase.components:com.google.firebase.database.DatabaseRegistrar"
120-->[com.google.firebase:firebase-database:19.3.0] AndroidManifest.xml:33:17-109
121                android:value="com.google.firebase.components.ComponentRegistrar" />
121-->[com.google.firebase:firebase-database:19.3.0] AndroidManifest.xml:34:17-82
122            <meta-data
122-->[com.google.firebase:firebase-firestore:21.4.3] AndroidManifest.xml:20:13-22:85
123                android:name="com.google.firebase.components:com.google.firebase.firestore.FirestoreRegistrar"
123-->[com.google.firebase:firebase-firestore:21.4.3] AndroidManifest.xml:21:17-111
124                android:value="com.google.firebase.components.ComponentRegistrar" />
124-->[com.google.firebase:firebase-firestore:21.4.3] AndroidManifest.xml:22:17-82
125            <meta-data
125-->[com.google.android.gms:play-services-measurement-api:17.4.0] AndroidManifest.xml:30:13-32:85
126                android:name="com.google.firebase.components:com.google.firebase.analytics.connector.internal.AnalyticsConnectorRegistrar"
126-->[com.google.android.gms:play-services-measurement-api:17.4.0] AndroidManifest.xml:31:17-139
127                android:value="com.google.firebase.components.ComponentRegistrar" />
127-->[com.google.android.gms:play-services-measurement-api:17.4.0] AndroidManifest.xml:32:17-82
128            <meta-data
128-->[com.google.firebase:firebase-iid:20.1.5] AndroidManifest.xml:32:13-34:85
129                android:name="com.google.firebase.components:com.google.firebase.iid.Registrar"
129-->[com.google.firebase:firebase-iid:20.1.5] AndroidManifest.xml:33:17-96
130                android:value="com.google.firebase.components.ComponentRegistrar" />
130-->[com.google.firebase:firebase-iid:20.1.5] AndroidManifest.xml:34:17-82
131            <meta-data
131-->[com.google.firebase:firebase-installations:16.2.1] AndroidManifest.xml:17:13-19:85
132                android:name="com.google.firebase.components:com.google.firebase.installations.FirebaseInstallationsRegistrar"
132-->[com.google.firebase:firebase-installations:16.2.1] AndroidManifest.xml:18:17-127
133                android:value="com.google.firebase.components.ComponentRegistrar" />
133-->[com.google.firebase:firebase-installations:16.2.1] AndroidManifest.xml:19:17-82
134        </service>
135
136        <receiver
136-->[com.google.firebase:firebase-iid:20.1.5] AndroidManifest.xml:37:9-44:20
137            android:name="com.google.firebase.iid.FirebaseInstanceIdReceiver"
137-->[com.google.firebase:firebase-iid:20.1.5] AndroidManifest.xml:38:13-78
138            android:exported="true"
138-->[com.google.firebase:firebase-iid:20.1.5] AndroidManifest.xml:39:13-36
139            android:permission="com.google.android.c2dm.permission.SEND" >
139-->[com.google.firebase:firebase-iid:20.1.5] AndroidManifest.xml:40:13-73
140            <intent-filter>
140-->[com.google.firebase:firebase-iid:20.1.5] AndroidManifest.xml:41:13-43:29
141                <action android:name="com.google.android.c2dm.intent.RECEIVE" />
141-->[com.google.firebase:firebase-iid:20.1.5] AndroidManifest.xml:42:17-81
141-->[com.google.firebase:firebase-iid:20.1.5] AndroidManifest.xml:42:25-78
142            </intent-filter>
143        </receiver>
144
145        <activity
145-->[com.google.android.gms:play-services-base:17.1.0] AndroidManifest.xml:23:9-26:75
146            android:name="com.google.android.gms.common.api.GoogleApiActivity"
146-->[com.google.android.gms:play-services-base:17.1.0] AndroidManifest.xml:24:13-79
147            android:exported="false"
147-->[com.google.android.gms:play-services-base:17.1.0] AndroidManifest.xml:25:13-37
148            android:theme="@android:style/Theme.Translucent.NoTitleBar" />
148-->[com.google.android.gms:play-services-base:17.1.0] AndroidManifest.xml:26:13-72
149
150        <provider
150-->[com.google.firebase:firebase-common:19.3.0] AndroidManifest.xml:26:9-30:39
151            android:name="com.google.firebase.provider.FirebaseInitProvider"
151-->[com.google.firebase:firebase-common:19.3.0] AndroidManifest.xml:27:13-77
152            android:authorities="com.djamari.usageadvisor.firebaseinitprovider"
152-->[com.google.firebase:firebase-common:19.3.0] AndroidManifest.xml:28:13-72
153            android:exported="false"
153-->[com.google.firebase:firebase-common:19.3.0] AndroidManifest.xml:29:13-37
154            android:initOrder="100" />
154-->[com.google.firebase:firebase-common:19.3.0] AndroidManifest.xml:30:13-36
155
156        <receiver
156-->[com.google.android.gms:play-services-measurement:17.4.0] AndroidManifest.xml:29:9-33:20
157            android:name="com.google.android.gms.measurement.AppMeasurementReceiver"
157-->[com.google.android.gms:play-services-measurement:17.4.0] AndroidManifest.xml:30:13-85
158            android:enabled="true"
158-->[com.google.android.gms:play-services-measurement:17.4.0] AndroidManifest.xml:31:13-35
159            android:exported="false" >
159-->[com.google.android.gms:play-services-measurement:17.4.0] AndroidManifest.xml:32:13-37
160        </receiver>
161
162        <service
162-->[com.google.android.gms:play-services-measurement:17.4.0] AndroidManifest.xml:35:9-38:40
163            android:name="com.google.android.gms.measurement.AppMeasurementService"
163-->[com.google.android.gms:play-services-measurement:17.4.0] AndroidManifest.xml:36:13-84
164            android:enabled="true"
164-->[com.google.android.gms:play-services-measurement:17.4.0] AndroidManifest.xml:37:13-35
165            android:exported="false" />
165-->[com.google.android.gms:play-services-measurement:17.4.0] AndroidManifest.xml:38:13-37
166        <service
166-->[com.google.android.gms:play-services-measurement:17.4.0] AndroidManifest.xml:39:9-43:72
167            android:name="com.google.android.gms.measurement.AppMeasurementJobService"
167-->[com.google.android.gms:play-services-measurement:17.4.0] AndroidManifest.xml:40:13-87
168            android:enabled="true"
168-->[com.google.android.gms:play-services-measurement:17.4.0] AndroidManifest.xml:41:13-35
169            android:exported="false"
169-->[com.google.android.gms:play-services-measurement:17.4.0] AndroidManifest.xml:42:13-37
170            android:permission="android.permission.BIND_JOB_SERVICE" />
170-->[com.google.android.gms:play-services-measurement:17.4.0] AndroidManifest.xml:43:13-69
171
172        <meta-data
172-->[com.google.android.gms:play-services-basement:17.0.0] AndroidManifest.xml:23:9-25:69
173            android:name="com.google.android.gms.version"
173-->[com.google.android.gms:play-services-basement:17.0.0] AndroidManifest.xml:24:13-58
174            android:value="@integer/google_play_services_version" />
174-->[com.google.android.gms:play-services-basement:17.0.0] AndroidManifest.xml:25:13-66
175
176        <provider
176-->[androidx.lifecycle:lifecycle-process:2.2.0] AndroidManifest.xml:25:9-29:43
177            android:name="androidx.lifecycle.ProcessLifecycleOwnerInitializer"
177-->[androidx.lifecycle:lifecycle-process:2.2.0] AndroidManifest.xml:26:13-79
178            android:authorities="com.djamari.usageadvisor.lifecycle-process"
178-->[androidx.lifecycle:lifecycle-process:2.2.0] AndroidManifest.xml:27:13-69
179            android:exported="false"
179-->[androidx.lifecycle:lifecycle-process:2.2.0] AndroidManifest.xml:28:13-37
180            android:multiprocess="true" />
180-->[androidx.lifecycle:lifecycle-process:2.2.0] AndroidManifest.xml:29:13-40
181    </application>
182
183</manifest>